-296 2
-292 1
-288 1
-280 7
-276 15
-272 31
-268 46
-264 50
-260 37
-256 64
-252 106
-248 250
-244 332
-240 409
-236 629
-232 738
-228 871
-224 1072
-220 1321
-216 1524
-212 1455
-208 1457
-204 1589
-200 1697
-196 1622
-192 1303
-188 1324
-184 1167
-180 1033
-176 1276
-172 1195
-168 1069
-164 1208
-160 1190
-156 1324
-152 1537
-148 1255
-144 1204
-140 946
-136 853
-132 876
-128 1038
-124 1365
-120 1812
-116 1819
-112 1830
-108 1685
-104 1901
-100 1789
-96 1552
-92 1483
-88 1359
-84 1687
-80 1497
-76 1531
-72 1820
-68 1615
-64 1790
-60 1817
-56 1937
-52 2660
-48 2749
-44 2705
-40 2179
-36 1778
-32 1557
-28 1298
-24 1346
-20 979
-16 902
-12 856
-8 640
-4 678
0 469
4 493
8 558
12 492
16 246
20 132
24 75
28 67
32 61
36 36
40 47
44 22
48 19
52 17
56 10
60 17
64 7
68 5
72 1
