-280 1
-276 14
-272 17
-268 37
-264 34
-260 26
-256 18
-252 21
-248 81
-244 190
-240 367
-236 594
-232 676
-228 839
-224 1066
-220 1321
-216 1515
-212 1504
-208 1546
-204 1664
-200 1689
-196 1642
-192 1370
-188 1313
-184 1111
-180 1078
-176 1333
-172 1187
-168 1038
-164 1164
-160 1185
-156 1260
-152 1583
-148 1197
-144 1151
-140 990
-136 882
-132 722
-128 870
-124 1172
-120 1568
-116 2042
-112 1938
-108 1733
-104 1649
-100 1786
-96 1743
-92 1449
-88 1426
-84 1454
-80 1702
-76 1633
-72 1849
-68 1837
-64 1751
-60 1909
-56 1864
-52 2636
-48 2695
-44 2774
-40 2265
-36 1830
-32 1535
-28 1315
-24 1398
-20 1098
-16 896
-12 814
-8 681
-4 683
0 504
4 373
8 515
12 551
16 426
20 191
24 119
28 102
32 62
36 39
40 41
44 49
48 20
52 18
56 31
60 18
64 8
68 13
72 10
76 2
80 1
