-164 4
-160 5
-156 12
-152 14
-148 13
-144 14
-140 27
-136 37
-132 35
-128 40
-124 51
-120 44
-116 53
-112 49
-108 70
-104 106
-100 124
-96 194
-92 288
-88 394
-84 468
-80 776
-76 763
-72 865
-68 1032
-64 1303
-60 1776
-56 1966
-52 2358
-48 3001
-44 3693
-40 4542
-36 4306
-32 4139
-28 4077
-24 4321
-20 4264
-16 4321
-12 4195
-8 3620
-4 3351
0 3175
4 2797
8 2775
12 2445
16 1972
20 1662
24 1449
28 1168
32 1090
36 984
40 871
44 762
48 710
52 591
56 541
60 488
64 425
68 404
72 354
76 335
80 309
84 276
88 255
92 206
96 203
100 241
104 177
108 204
112 143
116 123
120 99
124 61
128 86
132 74
136 49
140 56
144 39
148 35
152 22
156 25
160 16
164 14
168 17
172 14
176 6
180 7
184 9
188 9
192 5
196 8
200 6
204 3
208 3
212 1
216 2
220 2
