-100 1
-93 1
-74 1
-73 3
-72 1
-71 5
-70 7
-69 15
-68 18
-67 31
-66 39
-65 52
-64 46
-63 60
-62 61
-61 76
-60 58
-59 66
-58 78
-57 70
-56 98
-55 115
-54 115
-53 113
-52 153
-51 183
-50 248
-49 225
-48 281
-47 331
-46 410
-45 454
-44 472
-43 546
-42 618
-41 706
-40 780
-39 862
-38 965
-37 914
-36 959
-35 1039
-34 1262
-33 1280
-32 1402
-31 1366
-30 1548
-29 1677
-28 1916
-27 1941
-26 1875
-25 1979
-24 2010
-23 2129
-22 2023
-21 2067
-20 2154
-19 2136
-18 2236
-17 2221
-16 2243
-15 2285
-14 2334
-13 2147
-12 2120
-11 2040
-10 1966
-9 2019
-8 2093
-7 1929
-6 1863
-5 1838
-4 1724
-3 1700
-2 1614
-1 1502
0 1257
1 1276
2 1077
3 1033
4 889
5 778
6 670
7 539
8 541
9 428
10 379
11 325
12 290
13 250
14 360
15 388
16 215
17 224
18 167
19 187
20 124
21 127
22 82
23 86
24 77
25 67
26 55
27 47
28 82
29 66
30 60
31 58
32 45
33 52
34 40
35 34
36 27
37 30
38 29
39 36
40 29
41 20
42 15
43 17
44 10
45 4
46 4
50 3
