78720 1
78784 2
78800 4
78832 2
78848 3
78864 4
78880 3
78896 7
78912 7
78928 15
78944 8
78960 16
78976 15
78992 26
79008 34
79024 48
79040 36
79056 36
79072 42
79088 56
79104 67
79120 86
79136 116
79152 104
79168 128
79184 128
79200 266
79216 276
79232 245
79248 296
79264 380
79280 488
79296 518
79312 560
79328 708
79344 810
79360 1123
79376 1408
79392 1734
79408 2640
79424 3063
79440 4084
79456 4512
79472 4947
79488 6867
79504 5271
79520 3823
79536 3626
79552 3204
79568 2908
79584 2656
79600 1572
79616 1136
79632 889
79648 784
79664 745
79680 896
79696 808
79712 838
79728 956
79744 1016
79760 844
79776 790
79792 1010
79808 1400
79824 1210
79840 1482
79856 1611
79872 1911
79888 1175
79904 824
79920 865
79936 1081
79952 1223
79968 1237
79984 1157
80000 999
80016 637
80032 387
80048 342
80064 359
80080 274
80096 193
80112 192
80128 83
80144 39
80160 22
80176 24
80192 38
80208 19
80224 11
80240 10
80256 4
80272 9
80288 4
80304 1
