-96 425
-64 621
-32 854
0 5380
32 4718
64 3733
96 3524
128 2408
160 1841
192 1769
224 1539
256 1418
288 1266
320 1239
352 1189
384 1150
416 1185
448 1282
480 1096
512 958
544 959
576 745
608 782
640 948
672 1423
704 1200
736 1204
768 1243
800 1063
832 960
864 925
896 842
928 757
960 714
992 713
1024 673
1056 651
1088 620
1120 595
1152 651
1184 1419
1216 1367
1248 1470
1280 1139
1312 1038
1344 1316
1376 1132
1408 1221
1440 1389
1472 1252
1504 1200
1536 940
1568 1045
1600 1130
1632 1103
1664 1079
1696 1090
1728 1061
1760 1122
1792 1069
1824 978
1856 784
1888 769
1920 660
1952 687
1984 528
2016 485
2048 521
2080 461
2112 393
2144 374
2176 290
2208 221
2240 235
2272 172
2304 163
2336 147
2368 147
2400 118
2432 134
2464 126
2496 96
2528 94
2560 73
2592 78
2624 66
2656 59
2688 57
2720 57
2752 49
2784 65
2816 36
2848 41
2880 31
2912 31
2944 34
2976 23
3008 27
3040 28
3072 17
3104 27
3136 27
3168 22
3200 41
3232 12
3264 19
3296 26
3328 14
3360 13
3392 15
3424 9
3456 14
3488 15
3520 10
3552 12
3584 5
3616 8
3648 3
3680 4
3744 3
3776 1
3840 1
3872 1
3904 2
3968 2
4000 2
4096 1
4128 3
4320 1
4416 1
